{
  "RSpec": {
    "coverage": {
      "/Users/brandongray/Documents/Workspace/turing_work/1mod/projects/project_4/enigma/spec/enigma_spec.rb": {
        "lines": [
          null,
          null,
          1,
          1,
          null,
          1,
          2,
          3,
          3,
          null,
          1,
          1,
          1,
          null,
          1,
          null,
          null,
          null,
          1,
          1,
          1,
          1,
          null,
          1,
          1,
          1,
          null,
          null,
          null,
          1,
          1,
          1,
          1,
          null,
          1,
          1,
          1,
          null,
          null,
          null
        ]
      },
      "/Users/brandongray/Documents/Workspace/turing_work/1mod/projects/project_4/enigma/lib/enigma.rb": {
        "lines": [
          null,
          null,
          1,
          1,
          null,
          null,
          1,
          1,
          3,
          3,
          null,
          null,
          1,
          1,
          null,
          null,
          1,
          1,
          null,
          null
        ]
      },
      "/Users/brandongray/Documents/Workspace/turing_work/1mod/projects/project_4/enigma/lib/encrypter.rb": {
        "lines": [
          null,
          null,
          1,
          1,
          1,
          null,
          null,
          1,
          1,
          4,
          4,
          4,
          4,
          null,
          null,
          null
        ]
      },
      "/Users/brandongray/Documents/Workspace/turing_work/1mod/projects/project_4/enigma/lib/key.rb": {
        "lines": [
          null,
          null,
          1,
          null,
          null,
          1,
          1,
          null,
          1,
          null,
          null,
          1,
          25,
          25,
          null,
          null,
          1,
          null,
          1,
          1,
          null,
          null,
          1,
          25,
          25,
          null,
          null
        ]
      },
      "/Users/brandongray/Documents/Workspace/turing_work/1mod/projects/project_4/enigma/lib/stringable.rb": {
        "lines": [
          null,
          null,
          null,
          1,
          1,
          26,
          null,
          null,
          1,
          130,
          null,
          null,
          1,
          15,
          458,
          15,
          null,
          null
        ]
      },
      "/Users/brandongray/Documents/Workspace/turing_work/1mod/projects/project_4/enigma/lib/timeable.rb": {
        "lines": [
          null,
          null,
          1,
          null,
          null,
          1,
          1,
          1,
          null,
          null,
          1,
          37,
          2,
          null,
          null,
          1,
          36,
          1,
          null,
          null
        ]
      },
      "/Users/brandongray/Documents/Workspace/turing_work/1mod/projects/project_4/enigma/lib/crypt.rb": {
        "lines": [
          null,
          null,
          1,
          1,
          null,
          null,
          1,
          1,
          null,
          1,
          null,
          null,
          1,
          32,
          32,
          null,
          null,
          1,
          13,
          13,
          13,
          13,
          13,
          13,
          null,
          null,
          null,
          null,
          1,
          12,
          132,
          132,
          null,
          null,
          null,
          1,
          26,
          26,
          26,
          null,
          null,
          1,
          19,
          192,
          null,
          null,
          null,
          1,
          25,
          14,
          null,
          null,
          1,
          130,
          null,
          null,
          1,
          15,
          187,
          null,
          null,
          null
        ]
      },
      "/Users/brandongray/Documents/Workspace/turing_work/1mod/projects/project_4/enigma/lib/decrypter.rb": {
        "lines": [
          null,
          null,
          1,
          1,
          1,
          null,
          null,
          1,
          1,
          4,
          4,
          4,
          4,
          null,
          null,
          null,
          1,
          74,
          null,
          null
        ]
      },
      "/Users/brandongray/Documents/Workspace/turing_work/1mod/projects/project_4/enigma/spec/key_spec.rb": {
        "lines": [
          null,
          null,
          1,
          1,
          null,
          1,
          1,
          1,
          1,
          1,
          null,
          1,
          null,
          1,
          1,
          1,
          1,
          null,
          null,
          null
        ]
      },
      "/Users/brandongray/Documents/Workspace/turing_work/1mod/projects/project_4/enigma/spec/crypt_spec.rb": {
        "lines": [
          null,
          null,
          1,
          1,
          1,
          null,
          1,
          6,
          2,
          6,
          null,
          1,
          1,
          1,
          null,
          1,
          1,
          1,
          null,
          null,
          null,
          1,
          1,
          1,
          null,
          1,
          null,
          1,
          null,
          1,
          null,
          null,
          null,
          1,
          1,
          1,
          null,
          1,
          1,
          null,
          null,
          null,
          1,
          1,
          1,
          null,
          1,
          1,
          null,
          null,
          null,
          1,
          1,
          1,
          null,
          1,
          1,
          1,
          1,
          1,
          null,
          null,
          null,
          1,
          1,
          1,
          1,
          1,
          1,
          1,
          null,
          1,
          1,
          null,
          null,
          null,
          1,
          1,
          1,
          1,
          1,
          1,
          null,
          1,
          null,
          1,
          null,
          null,
          null,
          1,
          1,
          1,
          1,
          1,
          1,
          1,
          1,
          null,
          1,
          null,
          null,
          null
        ]
      },
      "/Users/brandongray/Documents/Workspace/turing_work/1mod/projects/project_4/enigma/spec/encrypter_spec.rb": {
        "lines": [
          null,
          null,
          1,
          1,
          1,
          null,
          1,
          6,
          2,
          6,
          null,
          1,
          1,
          1,
          null,
          1,
          1,
          1,
          null,
          null,
          null,
          1,
          1,
          1,
          null,
          1,
          null,
          1,
          null,
          1,
          null,
          null,
          null,
          1,
          1,
          1,
          null,
          1,
          1,
          null,
          null,
          null,
          1,
          1,
          1,
          null,
          1,
          1,
          null,
          null,
          null,
          1,
          1,
          1,
          null,
          1,
          1,
          1,
          null,
          null,
          null,
          1,
          1,
          1,
          1,
          1,
          1,
          1,
          null,
          1,
          1,
          null,
          null,
          null,
          1,
          1,
          1,
          1,
          1,
          1,
          null,
          1,
          null,
          1,
          null,
          null,
          null,
          1,
          1,
          1,
          1,
          1,
          1,
          1,
          1,
          null,
          1,
          null,
          null,
          null
        ]
      },
      "/Users/brandongray/Documents/Workspace/turing_work/1mod/projects/project_4/enigma/spec/decrypter_spec.rb": {
        "lines": [
          null,
          null,
          1,
          1,
          1,
          null,
          1,
          6,
          2,
          7,
          null,
          1,
          1,
          1,
          null,
          1,
          1,
          1,
          null,
          null,
          null,
          1,
          1,
          1,
          1,
          1,
          1,
          1,
          1,
          null,
          1,
          null,
          null,
          null,
          1,
          1,
          1,
          null,
          1,
          null,
          1,
          null,
          1,
          null,
          null,
          null,
          1,
          1,
          1,
          null,
          1,
          1,
          null,
          null,
          null,
          1,
          1,
          1,
          null,
          1,
          1,
          null,
          null,
          null,
          1,
          1,
          1,
          null,
          1,
          1,
          1,
          null,
          null,
          null,
          1,
          1,
          1,
          1,
          1,
          1,
          1,
          null,
          1,
          1,
          null,
          null,
          null,
          1,
          1,
          1,
          1,
          1,
          1,
          null,
          1,
          null,
          1,
          null,
          null,
          null,
          1,
          1,
          1,
          1,
          1,
          1,
          1,
          1,
          1,
          1,
          null,
          1,
          null,
          null,
          null
        ]
      },
      "/Users/brandongray/Documents/Workspace/turing_work/1mod/projects/project_4/enigma/spec/timeable_spec.rb": {
        "lines": [
          null,
          null,
          1,
          1,
          null,
          1,
          null,
          1,
          3,
          3,
          null,
          null,
          null,
          4,
          null,
          1,
          1,
          1,
          null,
          null,
          null,
          1,
          1,
          1,
          null,
          null,
          null,
          1,
          1,
          1,
          null,
          1,
          1,
          null,
          null,
          null
        ]
      },
      "/Users/brandongray/Documents/Workspace/turing_work/1mod/projects/project_4/enigma/spec/stringable_spec.rb": {
        "lines": [
          null,
          null,
          1,
          null,
          1,
          null,
          1,
          3,
          3,
          null,
          null,
          null,
          3,
          2,
          1,
          1,
          null,
          1,
          1,
          1,
          null,
          1,
          null,
          null,
          null,
          1,
          1,
          1,
          1,
          null,
          1,
          null,
          null,
          null,
          1,
          1,
          1,
          1,
          null,
          1,
          1,
          null,
          null,
          null
        ]
      }
    },
    "timestamp": 1668527770
  }
}
