{
  "RSpec": {
    "coverage": {
      "/Users/brandongray/Documents/Workspace/turing_work/1mod/projects/project_4/enigma/spec/enigma_spec.rb": {
        "lines": [
          null,
          null,
          1,
          1,
          null,
          1,
          2,
          2,
          2,
          null,
          1,
          1,
          1,
          null,
          1,
          null,
          null,
          null,
          1,
          1,
          1,
          1,
          null,
          1,
          1,
          0,
          null,
          null,
          null
        ]
      },
      "/Users/brandongray/Documents/Workspace/turing_work/1mod/projects/project_4/enigma/lib/enigma.rb": {
        "lines": [
          1,
          1,
          2,
          null,
          null,
          1,
          1,
          null,
          null
        ]
      },
      "/Users/brandongray/Documents/Workspace/turing_work/1mod/projects/project_4/enigma/spec/key_spec.rb": {
        "lines": [
          null,
          null,
          1,
          1,
          null,
          1,
          1,
          1,
          1,
          null,
          1,
          1,
          null,
          null,
          null,
          1,
          1,
          1,
          1,
          null,
          1,
          null,
          null,
          null,
          1,
          1,
          1,
          null,
          1,
          null,
          null,
          null
        ]
      },
      "/Users/brandongray/Documents/Workspace/turing_work/1mod/projects/project_4/enigma/lib/key.rb": {
        "lines": [
          null,
          null,
          null,
          1,
          null,
          1,
          null,
          1,
          10,
          null,
          null,
          1,
          0,
          null,
          null,
          1,
          1,
          1,
          5,
          null,
          null
        ]
      },
      "/Users/brandongray/Documents/Workspace/turing_work/1mod/projects/project_4/enigma/spec/encrypt_spec.rb": {
        "lines": [
          null,
          null,
          1,
          1,
          null,
          1,
          5,
          2,
          4,
          null,
          1,
          1,
          1,
          null,
          1,
          1,
          1,
          null,
          null,
          null,
          1,
          1,
          1,
          null,
          1,
          null,
          1,
          null,
          1,
          null,
          null,
          null,
          1,
          1,
          1,
          null,
          1,
          1,
          null,
          null,
          null,
          1,
          1,
          1,
          null,
          1,
          1,
          null,
          null,
          null,
          1,
          1,
          1,
          1,
          null,
          1,
          1,
          1,
          null,
          null,
          null,
          1,
          1,
          1,
          1,
          null,
          1,
          1,
          1,
          1,
          null,
          null,
          null,
          1,
          1,
          1,
          1,
          null,
          1,
          null,
          null,
          null
        ]
      },
      "/Users/brandongray/Documents/Workspace/turing_work/1mod/projects/project_4/enigma/lib/encrypt.rb": {
        "lines": [
          null,
          null,
          null,
          1,
          null,
          1,
          null,
          null,
          1,
          9,
          9,
          null,
          null,
          1,
          5,
          5,
          5,
          5,
          5,
          null,
          null,
          1,
          7,
          7,
          7,
          null,
          null,
          1,
          9,
          96,
          null,
          null,
          null,
          1,
          3,
          2,
          null,
          null,
          1,
          7,
          178,
          7,
          null,
          null
        ]
      }
    },
    "timestamp": 1668370097
  }
}
